2016-09-23 11:20:41,580 WARN edu.buaa.qjjia.GroovyScript: Script type:parse | Script path:E:/workspace/AcousticSub/GroovyDemo/src/script/GrovvySystemConfigRead.groovy | Script method:getName
2016-09-23 11:26:40,215 WARN edu.buaa.qjjia.GroovyScript: Script type:parse | Script path:E:/workspace/AcousticSub/GroovyDemo/src/script/GrovvySystemConfigRead.groovy | Script method:getName
2016-09-23 11:28:47,034 WARN edu.buaa.qjjia.GroovyScript: Script type:parse | Script path:E:/workspace/AcousticSub/GroovyDemo/src/script/GrovvySystemConfigRead.groovy | Script method:getName
2016-09-23 14:43:01,039 WARN edu.buaa.qjjia.GroovyScript: Script type:parse | Script path:E:/workspace/AcousticSub/GroovyDemo/src/script/GrovvySystemConfigRead.groovy | Script method:getName
2016-09-23 16:36:08,602 WARN edu.buaa.qjjia2.GroovyCommonUtil: 加载脚本[hello2.groovy]出现异常
groovy.util.ResourceException: Cannot open URL: file:/E:/workspace/AcousticSub/GroovyDemo/src/script/hello2.groovy
	at groovy.util.GroovyScriptEngine.getResourceConnection(GroovyScriptEngine.java:400)
	at groovy.util.GroovyScriptEngine.loadScriptByName(GroovyScriptEngine.java:545)
	at edu.buaa.qjjia2.GroovyCommonUtil.invokeMethod(GroovyCommonUtil.java:45)
	at edu.buaa.qjjia2.Test.testGroovyWithoutParam(Test.java:19)
	at edu.buaa.qjjia2.Test.main(Test.java:10)
	at sun.reflect.NativeMethodAccessorImpl.invoke0(Native Method)
	at sun.reflect.NativeMethodAccessorImpl.invoke(NativeMethodAccessorImpl.java:62)
	at sun.reflect.DelegatingMethodAccessorImpl.invoke(DelegatingMethodAccessorImpl.java:43)
	at java.lang.reflect.Method.invoke(Method.java:497)
	at com.intellij.rt.execution.application.AppMain.main(AppMain.java:147)
2016-09-23 16:36:08,602 WARN edu.buaa.qjjia2.GroovyCommonUtil: 加载脚本[hello2.groovy]出现异常
groovy.util.ResourceException: Cannot open URL: file:/E:/workspace/AcousticSub/GroovyDemo/src/script/hello2.groovy
	at groovy.util.GroovyScriptEngine.getResourceConnection(GroovyScriptEngine.java:400)
	at groovy.util.GroovyScriptEngine.loadScriptByName(GroovyScriptEngine.java:545)
	at edu.buaa.qjjia2.GroovyCommonUtil.invokeMethod(GroovyCommonUtil.java:45)
	at edu.buaa.qjjia2.Test.testGroovyWithParam(Test.java:33)
	at edu.buaa.qjjia2.Test.main(Test.java:11)
	at sun.reflect.NativeMethodAccessorImpl.invoke0(Native Method)
	at sun.reflect.NativeMethodAccessorImpl.invoke(NativeMethodAccessorImpl.java:62)
	at sun.reflect.DelegatingMethodAccessorImpl.invoke(DelegatingMethodAccessorImpl.java:43)
	at java.lang.reflect.Method.invoke(Method.java:497)
	at com.intellij.rt.execution.application.AppMain.main(AppMain.java:147)
2016-09-23 16:36:23,353 WARN edu.buaa.qjjia2.GroovyCommonUtil: 加载脚本[hello2.groovy]出现异常
groovy.util.ResourceException: Cannot open URL: file:/E:/workspace/AcousticSub/GroovyDemo/src/script/hello2.groovy
	at groovy.util.GroovyScriptEngine.getResourceConnection(GroovyScriptEngine.java:400)
	at groovy.util.GroovyScriptEngine.loadScriptByName(GroovyScriptEngine.java:545)
	at edu.buaa.qjjia2.GroovyCommonUtil.invokeMethod(GroovyCommonUtil.java:45)
	at edu.buaa.qjjia2.Test.testGroovyWithoutParam(Test.java:19)
	at edu.buaa.qjjia2.Test.main(Test.java:10)
	at sun.reflect.NativeMethodAccessorImpl.invoke0(Native Method)
	at sun.reflect.NativeMethodAccessorImpl.invoke(NativeMethodAccessorImpl.java:62)
	at sun.reflect.DelegatingMethodAccessorImpl.invoke(DelegatingMethodAccessorImpl.java:43)
	at java.lang.reflect.Method.invoke(Method.java:497)
	at com.intellij.rt.execution.application.AppMain.main(AppMain.java:147)
2016-09-23 16:36:23,355 WARN edu.buaa.qjjia2.GroovyCommonUtil: 加载脚本[hello2.groovy]出现异常
groovy.util.ResourceException: Cannot open URL: file:/E:/workspace/AcousticSub/GroovyDemo/src/script/hello2.groovy
	at groovy.util.GroovyScriptEngine.getResourceConnection(GroovyScriptEngine.java:400)
	at groovy.util.GroovyScriptEngine.loadScriptByName(GroovyScriptEngine.java:545)
	at edu.buaa.qjjia2.GroovyCommonUtil.invokeMethod(GroovyCommonUtil.java:45)
	at edu.buaa.qjjia2.Test.testGroovyWithParam(Test.java:33)
	at edu.buaa.qjjia2.Test.main(Test.java:11)
	at sun.reflect.NativeMethodAccessorImpl.invoke0(Native Method)
	at sun.reflect.NativeMethodAccessorImpl.invoke(NativeMethodAccessorImpl.java:62)
	at sun.reflect.DelegatingMethodAccessorImpl.invoke(DelegatingMethodAccessorImpl.java:43)
	at java.lang.reflect.Method.invoke(Method.java:497)
	at com.intellij.rt.execution.application.AppMain.main(AppMain.java:147)
2016-09-23 16:39:28,439 WARN edu.buaa.qjjia2.GroovyCommonUtil: 加载脚本[hello2.groovy]出现异常
groovy.util.ResourceException: Cannot open URL: file:/E:/workspace/AcousticSub/GroovyDemo/src/script/hello2.groovy
	at groovy.util.GroovyScriptEngine.getResourceConnection(GroovyScriptEngine.java:400)
	at groovy.util.GroovyScriptEngine.loadScriptByName(GroovyScriptEngine.java:545)
	at edu.buaa.qjjia2.GroovyCommonUtil.invokeMethod(GroovyCommonUtil.java:46)
	at edu.buaa.qjjia2.Test.testGroovyWithoutParam(Test.java:19)
	at edu.buaa.qjjia2.Test.main(Test.java:10)
	at sun.reflect.NativeMethodAccessorImpl.invoke0(Native Method)
	at sun.reflect.NativeMethodAccessorImpl.invoke(NativeMethodAccessorImpl.java:62)
	at sun.reflect.DelegatingMethodAccessorImpl.invoke(DelegatingMethodAccessorImpl.java:43)
	at java.lang.reflect.Method.invoke(Method.java:497)
	at com.intellij.rt.execution.application.AppMain.main(AppMain.java:147)
2016-09-23 16:39:28,439 WARN edu.buaa.qjjia2.GroovyCommonUtil: 加载脚本[hello2.groovy]出现异常
groovy.util.ResourceException: Cannot open URL: file:/E:/workspace/AcousticSub/GroovyDemo/src/script/hello2.groovy
	at groovy.util.GroovyScriptEngine.getResourceConnection(GroovyScriptEngine.java:400)
	at groovy.util.GroovyScriptEngine.loadScriptByName(GroovyScriptEngine.java:545)
	at edu.buaa.qjjia2.GroovyCommonUtil.invokeMethod(GroovyCommonUtil.java:46)
	at edu.buaa.qjjia2.Test.testGroovyWithParam(Test.java:33)
	at edu.buaa.qjjia2.Test.main(Test.java:11)
	at sun.reflect.NativeMethodAccessorImpl.invoke0(Native Method)
	at sun.reflect.NativeMethodAccessorImpl.invoke(NativeMethodAccessorImpl.java:62)
	at sun.reflect.DelegatingMethodAccessorImpl.invoke(DelegatingMethodAccessorImpl.java:43)
	at java.lang.reflect.Method.invoke(Method.java:497)
	at com.intellij.rt.execution.application.AppMain.main(AppMain.java:147)
2016-09-23 16:40:19,799 WARN edu.buaa.qjjia2.GroovyCommonUtil: 加载脚本[hello2.groovy]出现异常
groovy.util.ResourceException: Cannot open URL: file:/E:/workspace/AcousticSub/GroovyDemo/src/script/hello2.groovy
	at groovy.util.GroovyScriptEngine.getResourceConnection(GroovyScriptEngine.java:400)
	at groovy.util.GroovyScriptEngine.loadScriptByName(GroovyScriptEngine.java:545)
	at edu.buaa.qjjia2.GroovyCommonUtil.invokeMethod(GroovyCommonUtil.java:46)
	at edu.buaa.qjjia2.Test.testGroovyWithParam(Test.java:33)
	at edu.buaa.qjjia2.Test.main(Test.java:11)
	at sun.reflect.NativeMethodAccessorImpl.invoke0(Native Method)
	at sun.reflect.NativeMethodAccessorImpl.invoke(NativeMethodAccessorImpl.java:62)
	at sun.reflect.DelegatingMethodAccessorImpl.invoke(DelegatingMethodAccessorImpl.java:43)
	at java.lang.reflect.Method.invoke(Method.java:497)
	at com.intellij.rt.execution.application.AppMain.main(AppMain.java:147)
2016-09-23 16:43:06,392 WARN GroovyScript: Script type:parse | Script path:E:/workspace/AcousticSub/GroovyDemo/src/script/GrovvySystemConfigRead.groovy | Script method:getName
